
Showing logs for build [32mcb-kubecd-environment-pr-191-53-7jgkg-1[0m stage [32mfrom-build-pack[0m and container [32mstep-credential-initializer-clccj[0m
{"level":"warn","ts":1585372319.368117,"logger":"fallback-logger","caller":"logging/config.go:69","msg":"Fetch GitHub commit ID from kodata failed: \"ref: refs/heads/0.8.0-**-support-backwards-incompats\" is not a valid GitHub commit ID"}
{"level":"info","ts":1585372319.3686786,"logger":"fallback-logger","caller":"creds-init/main.go:40","msg":"Credentials initialized."}

Showing logs for build [32mcb-kubecd-environment-pr-191-53-7jgkg-1[0m stage [32mfrom-build-pack[0m and container [32mstep-working-dir-initializer-5lf26[0m
{"level":"warn","ts":1585372320.3397737,"logger":"fallback-logger","caller":"logging/config.go:69","msg":"Fetch GitHub commit ID from kodata failed: open /var/run/ko/HEAD: no such file or directory"}
{"level":"info","ts":1585372320.3429246,"logger":"fallback-logger","caller":"bash/main.go:64","msg":"Successfully executed command \"sh -c mkdir -p /workspace/source\"; output "}

Showing logs for build [32mcb-kubecd-environment-pr-191-53-7jgkg-1[0m stage [32mfrom-build-pack[0m and container [32mstep-place-tools[0m

Showing logs for build [32mcb-kubecd-environment-pr-191-53-7jgkg-1[0m stage [32mfrom-build-pack[0m and container [32mstep-git-source-cb-kubecd-environment-pr-191-53-7jgkg-mjrgk[0m
{"level":"warn","ts":1585372325.4986067,"logger":"fallback-logger","caller":"logging/config.go:69","msg":"Fetch GitHub commit ID from kodata failed: \"ref: refs/heads/0.8.0-**-support-backwards-incompats\" is not a valid GitHub commit ID"}
{"level":"info","ts":1585372326.7022262,"logger":"fallback-logger","caller":"git/git.go:103","msg":"Successfully cloned https://github.com/cb-kubecd/environment-pr-191-53-boot-gke-staging.git @ master in path /workspace/source"}

Showing logs for build [32mcb-kubecd-environment-pr-191-53-7jgkg-1[0m stage [32mfrom-build-pack[0m and container [32mstep-git-merge[0m
Using SHAs from PULL_REFS=master:6ea875d80e135eaa083bd921d3736ba2153985f5,4:66c0a7e32541c0d832218eed9749adf491be15ee
DEBUG: LC_ALL=C JX_LOG_LEVEL=error git fetch origin --unshallow 66c0a7e32541c0d832218eed9749adf491be15ee: 6ea875d80e135eaa083bd921d3736ba2153985f5:
DEBUG: ran git fetch --unshallow origin 66c0a7e32541c0d832218eed9749adf491be15ee: 6ea875d80e135eaa083bd921d3736ba2153985f5: in 
DEBUG: JX_LOG_LEVEL=error LC_ALL=C git branch
DEBUG: JX_LOG_LEVEL=error LC_ALL=C git checkout master
DEBUG: ran git checkout master in 
DEBUG: LC_ALL=C JX_LOG_LEVEL=error git reset --hard 6ea875d80e135eaa083bd921d3736ba2153985f5
DEBUG: ran git reset --hard 6ea875d80e135eaa083bd921d3736ba2153985f5 in 
DEBUG: LC_ALL=C JX_LOG_LEVEL=error git clean -fd .
DEBUG: ran clean --force -d . in 
DEBUG: LC_ALL=C JX_LOG_LEVEL=error git merge 66c0a7e32541c0d832218eed9749adf491be15ee
DEBUG: ran git merge 66c0a7e32541c0d832218eed9749adf491be15ee in 
DEBUG: JX_LOG_LEVEL=error LC_ALL=C git log --format=%H%x1f%an%x1f%ae%x1f%cn%x1f%ce%x1f%s%n%b%x1e 6ea875d80e135eaa083bd921d3736ba2153985f5..HEAD
Merged SHA 66c0a7e32541c0d832218eed9749adf491be15ee with commit message 'chore: Promote bdd-gh-1585370615 to version 0.0.1' into base branch master

Showing logs for build [32mcb-kubecd-environment-pr-191-53-7jgkg-1[0m stage [32mfrom-build-pack[0m and container [32mstep-build-helm-build[0m
WARNING: No $CHART_REPOSITORY defined so using the default value of: http://jenkins-x-chartmuseum:8080
Adding missing Helm repo: storage.googleapis.com https://storage.googleapis.com/chartmuseum.jenkins-x.io
WARNING: No secrets found on "helm/repos" due: reading the secret "helm/repos" from vault: no secret "helm/repos" not found in vault
Read credentials for https://storage.googleapis.com/chartmuseum.jenkins-x.io from vault helm/repos
Successfully added Helm repository storage.googleapis.com.
Adding missing Helm repo: jenkins-x-chartmuseum http://jenkins-x-chartmuseum:8080
WARNING: No secrets found on "helm/repos" due: reading the secret "helm/repos" from vault: no secret "helm/repos" not found in vault
Read credentials for http://jenkins-x-chartmuseum:8080 from vault helm/repos
Successfully added Helm repository jenkins-x-chartmuseum.
WARNING: No $CHART_REPOSITORY defined so using the default value of: http://jenkins-x-chartmuseum:8080
Adding missing Helm repo: chartmuseum.jenkins-x.io http://chartmuseum.jenkins-x.io
WARNING: No secrets found on "helm/repos" due: reading the secret "helm/repos" from vault: no secret "helm/repos" not found in vault
Read credentials for http://chartmuseum.jenkins-x.io from vault helm/repos
Successfully added Helm repository chartmuseum.jenkins-x.io.
