
Showing logs for build [32mcb-kubecd-environment-pr-191-53-4c75p-1[0m stage [32mfrom-build-pack[0m and container [32mstep-credential-initializer-p98h5[0m
{"level":"warn","ts":1585373377.2877774,"logger":"fallback-logger","caller":"logging/config.go:69","msg":"Fetch GitHub commit ID from kodata failed: \"ref: refs/heads/0.8.0-**-support-backwards-incompats\" is not a valid GitHub commit ID"}
{"level":"info","ts":1585373377.288266,"logger":"fallback-logger","caller":"creds-init/main.go:40","msg":"Credentials initialized."}

Showing logs for build [32mcb-kubecd-environment-pr-191-53-4c75p-1[0m stage [32mfrom-build-pack[0m and container [32mstep-working-dir-initializer-wl7r5[0m
{"level":"warn","ts":1585373378.6845827,"logger":"fallback-logger","caller":"logging/config.go:69","msg":"Fetch GitHub commit ID from kodata failed: open /var/run/ko/HEAD: no such file or directory"}
{"level":"info","ts":1585373378.689951,"logger":"fallback-logger","caller":"bash/main.go:64","msg":"Successfully executed command \"sh -c mkdir -p /workspace/source\"; output "}

Showing logs for build [32mcb-kubecd-environment-pr-191-53-4c75p-1[0m stage [32mfrom-build-pack[0m and container [32mstep-place-tools[0m

Showing logs for build [32mcb-kubecd-environment-pr-191-53-4c75p-1[0m stage [32mfrom-build-pack[0m and container [32mstep-git-source-cb-kubecd-environment-pr-191-53-4c75p-sm72t[0m
{"level":"warn","ts":1585373383.771579,"logger":"fallback-logger","caller":"logging/config.go:69","msg":"Fetch GitHub commit ID from kodata failed: \"ref: refs/heads/0.8.0-**-support-backwards-incompats\" is not a valid GitHub commit ID"}
{"level":"info","ts":1585373384.901262,"logger":"fallback-logger","caller":"git/git.go:103","msg":"Successfully cloned https://github.com/cb-kubecd/environment-pr-191-53-boot-gke-staging.git @ master in path /workspace/source"}

Showing logs for build [32mcb-kubecd-environment-pr-191-53-4c75p-1[0m stage [32mfrom-build-pack[0m and container [32mstep-git-merge[0m
Using SHAs from PULL_REFS=master:0d65477308c38c5e1b08528657c2bfdb7cd0ef17,6:a34053605835e163ad834a42ef3471aba7e9d094
DEBUG: LC_ALL=C JX_LOG_LEVEL=error git fetch origin --unshallow a34053605835e163ad834a42ef3471aba7e9d094: 0d65477308c38c5e1b08528657c2bfdb7cd0ef17:
DEBUG: ran git fetch --unshallow origin a34053605835e163ad834a42ef3471aba7e9d094: 0d65477308c38c5e1b08528657c2bfdb7cd0ef17: in 
DEBUG: LC_ALL=C JX_LOG_LEVEL=error git branch
DEBUG: LC_ALL=C JX_LOG_LEVEL=error git checkout master
DEBUG: ran git checkout master in 
DEBUG: LC_ALL=C JX_LOG_LEVEL=error git reset --hard 0d65477308c38c5e1b08528657c2bfdb7cd0ef17
DEBUG: ran git reset --hard 0d65477308c38c5e1b08528657c2bfdb7cd0ef17 in 
DEBUG: LC_ALL=C JX_LOG_LEVEL=error git clean -fd .
DEBUG: ran clean --force -d . in 
DEBUG: JX_LOG_LEVEL=error LC_ALL=C git merge a34053605835e163ad834a42ef3471aba7e9d094
DEBUG: ran git merge a34053605835e163ad834a42ef3471aba7e9d094 in 
DEBUG: LC_ALL=C JX_LOG_LEVEL=error git log --format=%H%x1f%an%x1f%ae%x1f%cn%x1f%ce%x1f%s%n%b%x1e 0d65477308c38c5e1b08528657c2bfdb7cd0ef17..HEAD
Merged SHA a34053605835e163ad834a42ef3471aba7e9d094 with commit message 'chore: Promote bdd-nh-import-1585372840 to version 0.0.1' into base branch master

Showing logs for build [32mcb-kubecd-environment-pr-191-53-4c75p-1[0m stage [32mfrom-build-pack[0m and container [32mstep-build-helm-build[0m
WARNING: No $CHART_REPOSITORY defined so using the default value of: http://jenkins-x-chartmuseum:8080
Adding missing Helm repo: storage.googleapis.com https://storage.googleapis.com/chartmuseum.jenkins-x.io
WARNING: No secrets found on "helm/repos" due: reading the secret "helm/repos" from vault: no secret "helm/repos" not found in vault
Read credentials for https://storage.googleapis.com/chartmuseum.jenkins-x.io from vault helm/repos
Successfully added Helm repository storage.googleapis.com.
Adding missing Helm repo: jenkins-x-chartmuseum http://jenkins-x-chartmuseum:8080
WARNING: No secrets found on "helm/repos" due: reading the secret "helm/repos" from vault: no secret "helm/repos" not found in vault
Read credentials for http://jenkins-x-chartmuseum:8080 from vault helm/repos
Successfully added Helm repository jenkins-x-chartmuseum.
WARNING: No $CHART_REPOSITORY defined so using the default value of: http://jenkins-x-chartmuseum:8080
Adding missing Helm repo: chartmuseum.jenkins-x.io http://chartmuseum.jenkins-x.io
WARNING: No secrets found on "helm/repos" due: reading the secret "helm/repos" from vault: no secret "helm/repos" not found in vault
Read credentials for http://chartmuseum.jenkins-x.io from vault helm/repos
Successfully added Helm repository chartmuseum.jenkins-x.io.
