
Showing logs for build [32mcb-kubecd-environment-pr-191-53-lxvd5-1[0m stage [32mfrom-build-pack[0m and container [32mstep-credential-initializer-6mhsm[0m
{"level":"warn","ts":1585373896.8716054,"logger":"fallback-logger","caller":"logging/config.go:69","msg":"Fetch GitHub commit ID from kodata failed: \"ref: refs/heads/0.8.0-**-support-backwards-incompats\" is not a valid GitHub commit ID"}
{"level":"info","ts":1585373896.879449,"logger":"fallback-logger","caller":"creds-init/main.go:40","msg":"Credentials initialized."}

Showing logs for build [32mcb-kubecd-environment-pr-191-53-lxvd5-1[0m stage [32mfrom-build-pack[0m and container [32mstep-working-dir-initializer-hq2mk[0m
{"level":"warn","ts":1585373898.424598,"logger":"fallback-logger","caller":"logging/config.go:69","msg":"Fetch GitHub commit ID from kodata failed: open /var/run/ko/HEAD: no such file or directory"}
{"level":"info","ts":1585373898.428646,"logger":"fallback-logger","caller":"bash/main.go:64","msg":"Successfully executed command \"sh -c mkdir -p /workspace/source\"; output "}

Showing logs for build [32mcb-kubecd-environment-pr-191-53-lxvd5-1[0m stage [32mfrom-build-pack[0m and container [32mstep-place-tools[0m

Showing logs for build [32mcb-kubecd-environment-pr-191-53-lxvd5-1[0m stage [32mfrom-build-pack[0m and container [32mstep-git-source-cb-kubecd-environment-pr-191-53-lxvd5-c97pr[0m
{"level":"warn","ts":1585373902.599812,"logger":"fallback-logger","caller":"logging/config.go:69","msg":"Fetch GitHub commit ID from kodata failed: \"ref: refs/heads/0.8.0-**-support-backwards-incompats\" is not a valid GitHub commit ID"}
{"level":"info","ts":1585373903.7301104,"logger":"fallback-logger","caller":"git/git.go:103","msg":"Successfully cloned https://github.com/cb-kubecd/environment-pr-191-53-boot-gke-staging.git @ master in path /workspace/source"}

Showing logs for build [32mcb-kubecd-environment-pr-191-53-lxvd5-1[0m stage [32mfrom-build-pack[0m and container [32mstep-git-merge[0m
Using SHAs from PULL_REFS=master:4e5789eac366a71a82938bc8f8816b198d6b9b1b,7:6e6bc4ef183b90bfb2b6e397b88d20ee3e832481
DEBUG: LC_ALL=C JX_LOG_LEVEL=error git fetch origin --unshallow 6e6bc4ef183b90bfb2b6e397b88d20ee3e832481: 4e5789eac366a71a82938bc8f8816b198d6b9b1b:
DEBUG: ran git fetch --unshallow origin 6e6bc4ef183b90bfb2b6e397b88d20ee3e832481: 4e5789eac366a71a82938bc8f8816b198d6b9b1b: in 
DEBUG: LC_ALL=C JX_LOG_LEVEL=error git branch
DEBUG: LC_ALL=C JX_LOG_LEVEL=error git checkout master
DEBUG: ran git checkout master in 
DEBUG: LC_ALL=C JX_LOG_LEVEL=error git reset --hard 4e5789eac366a71a82938bc8f8816b198d6b9b1b
DEBUG: ran git reset --hard 4e5789eac366a71a82938bc8f8816b198d6b9b1b in 
DEBUG: LC_ALL=C JX_LOG_LEVEL=error git clean -fd .
DEBUG: ran clean --force -d . in 
DEBUG: JX_LOG_LEVEL=error LC_ALL=C git merge 6e6bc4ef183b90bfb2b6e397b88d20ee3e832481
DEBUG: ran git merge 6e6bc4ef183b90bfb2b6e397b88d20ee3e832481 in 
DEBUG: LC_ALL=C JX_LOG_LEVEL=error git log --format=%H%x1f%an%x1f%ae%x1f%cn%x1f%ce%x1f%s%n%b%x1e 4e5789eac366a71a82938bc8f8816b198d6b9b1b..HEAD
Merged SHA 6e6bc4ef183b90bfb2b6e397b88d20ee3e832481 with commit message 'chore: Promote bdd-sbrp-import-1585372840 to version 0.0.1' into base branch master

Showing logs for build [32mcb-kubecd-environment-pr-191-53-lxvd5-1[0m stage [32mfrom-build-pack[0m and container [32mstep-build-helm-build[0m
WARNING: No $CHART_REPOSITORY defined so using the default value of: http://jenkins-x-chartmuseum:8080
Adding missing Helm repo: storage.googleapis.com https://storage.googleapis.com/chartmuseum.jenkins-x.io
WARNING: No secrets found on "helm/repos" due: reading the secret "helm/repos" from vault: no secret "helm/repos" not found in vault
Read credentials for https://storage.googleapis.com/chartmuseum.jenkins-x.io from vault helm/repos
Successfully added Helm repository storage.googleapis.com.
Adding missing Helm repo: jenkins-x-chartmuseum http://jenkins-x-chartmuseum:8080
WARNING: No secrets found on "helm/repos" due: reading the secret "helm/repos" from vault: no secret "helm/repos" not found in vault
Read credentials for http://jenkins-x-chartmuseum:8080 from vault helm/repos
Successfully added Helm repository jenkins-x-chartmuseum.
WARNING: No $CHART_REPOSITORY defined so using the default value of: http://jenkins-x-chartmuseum:8080
Adding missing Helm repo: chartmuseum.jenkins-x.io http://chartmuseum.jenkins-x.io
WARNING: No secrets found on "helm/repos" due: reading the secret "helm/repos" from vault: no secret "helm/repos" not found in vault
Read credentials for http://chartmuseum.jenkins-x.io from vault helm/repos
Successfully added Helm repository chartmuseum.jenkins-x.io.
